Mon Jun 29 23:54:38 GMT+05:30 2015  [debug] AvalonLogSystem initialized using logfile 'velocity.log'
Mon Jun 29 23:54:38 GMT+05:30 2015   [info] ************************************************************** 
Mon Jun 29 23:54:38 GMT+05:30 2015   [info] Starting Jakarta Velocity v1.4
Mon Jun 29 23:54:38 GMT+05:30 2015   [info] RuntimeInstance initializing.
Mon Jun 29 23:54:38 GMT+05:30 2015   [info] Default Properties File: org/apache/velocity/runtime/defaults/velocity.properties
Mon Jun 29 23:54:38 GMT+05:30 2015   [info] Trying to use logger class org.apache.velocity.runtime.log.AvalonLogSystem
Mon Jun 29 23:54:38 GMT+05:30 2015   [info] Using logger class org.apache.velocity.runtime.log.AvalonLogSystem
Mon Jun 29 23:54:38 GMT+05:30 2015   [info] Default ResourceManager initializing. (class org.apache.velocity.runtime.resource.ResourceManagerImpl)
Mon Jun 29 23:54:38 GMT+05:30 2015   [info] Resource Loader Instantiated: org.apache.velocity.runtime.resource.loader.JarResourceLoader
Mon Jun 29 23:54:38 GMT+05:30 2015   [info] JarResourceLoader : initialization starting.
Mon Jun 29 23:54:38 GMT+05:30 2015   [info] JarResourceLoader # of paths : 1
Mon Jun 29 23:54:38 GMT+05:30 2015   [info] JarResourceLoader : trying to load: jar:file:/Users/kirannk/.m2/repository/org/codehaus/mojo/webstart/webstart-maven-plugin/1.0-beta-2/webstart-maven-plugin-1.0-beta-2.jar!/
Mon Jun 29 23:54:38 GMT+05:30 2015   [info]   JarHolder : attempting to connect to jar:file:/Users/kirannk/.m2/repository/org/codehaus/mojo/webstart/webstart-maven-plugin/1.0-beta-2/webstart-maven-plugin-1.0-beta-2.jar!/
Mon Jun 29 23:54:38 GMT+05:30 2015   [info]   JarHolder : initialized JAR: jar:file:/Users/kirannk/.m2/repository/org/codehaus/mojo/webstart/webstart-maven-plugin/1.0-beta-2/webstart-maven-plugin-1.0-beta-2.jar!/
Mon Jun 29 23:54:38 GMT+05:30 2015   [info] JarResourceLoader : initialization complete.
Mon Jun 29 23:54:38 GMT+05:30 2015   [info] ResourceCache : initialized. (class org.apache.velocity.runtime.resource.ResourceCacheImpl)
Mon Jun 29 23:54:38 GMT+05:30 2015   [info] Default ResourceManager initialization complete.
Mon Jun 29 23:54:38 GMT+05:30 2015   [info] Loaded System Directive: org.apache.velocity.runtime.directive.Literal
Mon Jun 29 23:54:38 GMT+05:30 2015   [info] Loaded System Directive: org.apache.velocity.runtime.directive.Macro
Mon Jun 29 23:54:38 GMT+05:30 2015   [info] Loaded System Directive: org.apache.velocity.runtime.directive.Parse
Mon Jun 29 23:54:38 GMT+05:30 2015   [info] Loaded System Directive: org.apache.velocity.runtime.directive.Include
Mon Jun 29 23:54:38 GMT+05:30 2015   [info] Loaded System Directive: org.apache.velocity.runtime.directive.Foreach
Mon Jun 29 23:54:38 GMT+05:30 2015   [info] Created: 20 parsers.
Mon Jun 29 23:54:38 GMT+05:30 2015   [info] Velocimacro : initialization starting.
Mon Jun 29 23:54:38 GMT+05:30 2015   [info] Velocimacro : adding VMs from VM library template : VM_global_library.vm
Mon Jun 29 23:54:38 GMT+05:30 2015  [error] ResourceManager : unable to find resource 'VM_global_library.vm' in any resource loader.
Mon Jun 29 23:54:38 GMT+05:30 2015   [info] Velocimacro : error using  VM library template VM_global_library.vm : org.apache.velocity.exception.ResourceNotFoundException: Unable to find resource 'VM_global_library.vm'
Mon Jun 29 23:54:38 GMT+05:30 2015   [info] Velocimacro :  VM library template macro registration complete.
Mon Jun 29 23:54:38 GMT+05:30 2015   [info] Velocimacro : allowInline = true : VMs can be defined inline in templates
Mon Jun 29 23:54:38 GMT+05:30 2015   [info] Velocimacro : allowInlineToOverride = false : VMs defined inline may NOT replace previous VM definitions
Mon Jun 29 23:54:38 GMT+05:30 2015   [info] Velocimacro : allowInlineLocal = false : VMs defined inline will be  global in scope if allowed.
Mon Jun 29 23:54:38 GMT+05:30 2015   [info] Velocimacro : messages on  : VM system will output logging messages
Mon Jun 29 23:54:38 GMT+05:30 2015   [info] Velocimacro : autoload off  : VM system will not automatically reload global library macros
Mon Jun 29 23:54:38 GMT+05:30 2015   [info] Velocimacro : initialization complete.
Mon Jun 29 23:54:38 GMT+05:30 2015   [info] Velocity successfully started.
Mon Jun 29 23:54:38 GMT+05:30 2015   [info] ResourceManager : found default-jnlp-template.vm with loader org.apache.velocity.runtime.resource.loader.JarResourceLoader
Mon Jun 29 23:54:38 GMT+05:30 2015   [warn] org.apache.velocity.runtime.exception.ReferenceException: reference : template = default-jnlp-template.vm [line 31,column 6] : $extensions is not a valid reference.
